2017-09-29 13:34:48,250 - -all or -feature, -file, -object must be specified.
2017-09-29 13:38:28,700 - Invalid option "-script".
com.netsuite.ide.exception.CliException: Invalid option "-script".
	at com.netsuite.ide.core.cli.CliParser.parseArguments(CliParser.java:381)
	at com.netsuite.ide.core.cli.CliParser.getObjectInstance(CliParser.java:254)
	at com.netsuite.tools.SDF.execute(SDF.java:254)
	at com.netsuite.tools.SDF.main(SDF.java:86)
	at sun.reflect.NativeMethodAccessorImpl.invoke0(Native Method)
	at sun.reflect.NativeMethodAccessorImpl.invoke(NativeMethodAccessorImpl.java:62)
	at sun.reflect.DelegatingMethodAccessorImpl.invoke(DelegatingMethodAccessorImpl.java:43)
	at java.lang.reflect.Method.invoke(Method.java:498)
	at org.codehaus.mojo.exec.ExecJavaMojo$1.run(ExecJavaMojo.java:294)
	at java.lang.Thread.run(Thread.java:745)
2017-09-29 13:38:33,752 - Option "-scriptid" must have a value.
com.netsuite.ide.exception.CliException: Option "-scriptid" must have a value.
	at com.netsuite.ide.core.cli.CliParser.parseArguments(CliParser.java:390)
	at com.netsuite.ide.core.cli.CliParser.getObjectInstance(CliParser.java:254)
	at com.netsuite.tools.SDF.execute(SDF.java:254)
	at com.netsuite.tools.SDF.main(SDF.java:86)
	at sun.reflect.NativeMethodAccessorImpl.invoke0(Native Method)
	at sun.reflect.NativeMethodAccessorImpl.invoke(NativeMethodAccessorImpl.java:62)
	at sun.reflect.DelegatingMethodAccessorImpl.invoke(DelegatingMethodAccessorImpl.java:43)
	at java.lang.reflect.Method.invoke(Method.java:498)
	at org.codehaus.mojo.exec.ExecJavaMojo$1.run(ExecJavaMojo.java:294)
	at java.lang.Thread.run(Thread.java:745)
2017-09-29 13:38:44,164 - Option "-p" must be specified.
com.netsuite.ide.exception.CliException: Option "-p" must be specified.
	at com.netsuite.ide.core.cli.CliParser.parseArguments(CliParser.java:437)
	at com.netsuite.ide.core.cli.CliParser.getObjectInstance(CliParser.java:254)
	at com.netsuite.tools.SDF.execute(SDF.java:254)
	at com.netsuite.tools.SDF.main(SDF.java:86)
	at sun.reflect.NativeMethodAccessorImpl.invoke0(Native Method)
	at sun.reflect.NativeMethodAccessorImpl.invoke(NativeMethodAccessorImpl.java:62)
	at sun.reflect.DelegatingMethodAccessorImpl.invoke(DelegatingMethodAccessorImpl.java:43)
	at java.lang.reflect.Method.invoke(Method.java:498)
	at org.codehaus.mojo.exec.ExecJavaMojo$1.run(ExecJavaMojo.java:294)
	at java.lang.Thread.run(Thread.java:745)
2017-09-29 13:38:58,130 - Invalid option "-ALL".
com.netsuite.ide.exception.CliException: Invalid option "-ALL".
	at com.netsuite.ide.core.cli.CliParser.parseArguments(CliParser.java:381)
	at com.netsuite.ide.core.cli.CliParser.getObjectInstance(CliParser.java:254)
	at com.netsuite.tools.SDF.execute(SDF.java:254)
	at com.netsuite.tools.SDF.main(SDF.java:86)
	at sun.reflect.NativeMethodAccessorImpl.invoke0(Native Method)
	at sun.reflect.NativeMethodAccessorImpl.invoke(NativeMethodAccessorImpl.java:62)
	at sun.reflect.DelegatingMethodAccessorImpl.invoke(DelegatingMethodAccessorImpl.java:43)
	at java.lang.reflect.Method.invoke(Method.java:498)
	at org.codehaus.mojo.exec.ExecJavaMojo$1.run(ExecJavaMojo.java:294)
	at java.lang.Thread.run(Thread.java:745)
2017-09-29 13:39:02,627 - Invalid option "-all".
com.netsuite.ide.exception.CliException: Invalid option "-all".
	at com.netsuite.ide.core.cli.CliParser.parseArguments(CliParser.java:381)
	at com.netsuite.ide.core.cli.CliParser.getObjectInstance(CliParser.java:254)
	at com.netsuite.tools.SDF.execute(SDF.java:254)
	at com.netsuite.tools.SDF.main(SDF.java:86)
	at sun.reflect.NativeMethodAccessorImpl.invoke0(Native Method)
	at sun.reflect.NativeMethodAccessorImpl.invoke(NativeMethodAccessorImpl.java:62)
	at sun.reflect.DelegatingMethodAccessorImpl.invoke(DelegatingMethodAccessorImpl.java:43)
	at java.lang.reflect.Method.invoke(Method.java:498)
	at org.codehaus.mojo.exec.ExecJavaMojo$1.run(ExecJavaMojo.java:294)
	at java.lang.Thread.run(Thread.java:745)
2017-09-29 13:39:06,720 - Project folder "~./" does not exists.
java.lang.Exception: Project folder "~./" does not exists.
	at com.netsuite.tools.SDF.execute(SDF.java:265)
	at com.netsuite.tools.SDF.main(SDF.java:86)
	at sun.reflect.NativeMethodAccessorImpl.invoke0(Native Method)
	at sun.reflect.NativeMethodAccessorImpl.invoke(NativeMethodAccessorImpl.java:62)
	at sun.reflect.DelegatingMethodAccessorImpl.invoke(DelegatingMethodAccessorImpl.java:43)
	at java.lang.reflect.Method.invoke(Method.java:498)
	at org.codehaus.mojo.exec.ExecJavaMojo$1.run(ExecJavaMojo.java:294)
	at java.lang.Thread.run(Thread.java:745)
